<?xml version="1.0" encoding="UTF-8"?>
<!-- Generated by org.testng.reporters.JUnitXMLReporter -->
<testsuite ignored="0" hostname="Sais-MacBook-Air.local" failures="0" tests="3" name="Default test" time="41.91" errors="0" timestamp="2025-03-04T10:25:18 IST">
  <testcase classname="Streams_Android_App.loginWithJasonTestData" name="FillForm" time="14.118"/>
  <testcase classname="Streams_Android_App.loginWithJasonTestData" name="FillForm" time="13.763"/>
  <testcase classname="Streams_Android_App.loginWithJasonTestData" name="FillForm" time="13.913"/>
</testsuite> <!-- Default test -->
