<?xml version="1.0" encoding="UTF-8"?>
<testng-results ignored="0" total="2" passed="2" failed="0" skipped="0">
  <reporter-output>
  </reporter-output>
  <suite started-at="2025-03-14T10:34:53 IST" name="Suite" finished-at="2025-03-14T10:36:16 IST" duration-ms="83369">
    <groups>
    </groups>
    <test started-at="2025-03-14T10:34:53 IST" name="LoginApp-LogoutApp" finished-at="2025-03-14T10:36:16 IST" duration-ms="83369">
      <class name="TestReport.loginReport">
        <test-method signature="login(java.util.HashMap)[pri:0, instance:TestReport.loginReport@1750fbeb]" started-at="2025-03-14T10:34:53 IST" name="login" data-provider="loginDetails" finished-at="2025-03-14T10:35:18 IST" duration-ms="25348" status="PASS">
          <params>
            <param index="0">
              <value>
                <![CDATA[{password=sai@1234, username=saikiranone@dcwvalidation}]]>
              </value>
            </param>
          </params>
          <reporter-output>
          </reporter-output>
        </test-method> <!-- login -->
        <test-method signature="logout()[pri:0, instance:TestReport.loginReport@1750fbeb]" started-at="2025-03-14T10:35:18 IST" name="logout" finished-at="2025-03-14T10:36:16 IST" duration-ms="57941" status="PASS">
          <reporter-output>
          </reporter-output>
        </test-method> <!-- logout -->
      </class> <!-- TestReport.loginReport -->
    </test> <!-- LoginApp-LogoutApp -->
  </suite> <!-- Suite -->
</testng-results>
