<?xml version="1.0" encoding="UTF-8"?>
<testng-results ignored="0" total="3" passed="3" failed="0" skipped="0">
  <reporter-output>
  </reporter-output>
  <suite started-at="2025-03-04T10:24:36 IST" name="Default suite" finished-at="2025-03-04T10:25:18 IST" duration-ms="41910">
    <groups>
    </groups>
    <test started-at="2025-03-04T10:24:36 IST" name="Default test" finished-at="2025-03-04T10:25:18 IST" duration-ms="41910">
      <class name="Streams_Android_App.loginWithJasonTestData">
        <test-method signature="FillForm(java.util.HashMap)[pri:0, instance:Streams_Android_App.loginWithJasonTestData@15eb5ee5]" started-at="2025-03-04T10:24:36 IST" name="FillForm" data-provider="getData" finished-at="2025-03-04T10:24:51 IST" duration-ms="14118" status="PASS">
          <params>
            <param index="0">
              <value>
                <![CDATA[{password=xyz@1234, username=saikiranone@dcwvalidation}]]>
              </value>
            </param>
          </params>
          <reporter-output>
          </reporter-output>
        </test-method> <!-- FillForm -->
        <test-method signature="FillForm(java.util.HashMap)[pri:0, instance:Streams_Android_App.loginWithJasonTestData@15eb5ee5]" started-at="2025-03-04T10:24:51 IST" name="FillForm" data-provider="getData" finished-at="2025-03-04T10:25:04 IST" duration-ms="13763" status="PASS">
          <params>
            <param index="0">
              <value>
                <![CDATA[{password=abc@1234, username=saikirantwo@dcwvalidation}]]>
              </value>
            </param>
          </params>
          <reporter-output>
          </reporter-output>
        </test-method> <!-- FillForm -->
        <test-method signature="FillForm(java.util.HashMap)[pri:0, instance:Streams_Android_App.loginWithJasonTestData@15eb5ee5]" started-at="2025-03-04T10:25:04 IST" name="FillForm" data-provider="getData" finished-at="2025-03-04T10:25:18 IST" duration-ms="13913" status="PASS">
          <params>
            <param index="0">
              <value>
                <![CDATA[{password=ABC@1234, username=saikiranthree@dcwvalidation}]]>
              </value>
            </param>
          </params>
          <reporter-output>
          </reporter-output>
        </test-method> <!-- FillForm -->
      </class> <!-- Streams_Android_App.loginWithJasonTestData -->
    </test> <!-- Default test -->
  </suite> <!-- Default suite -->
</testng-results>
